-------------------------------------------------------------------------------
Test set: com.bashir.StringCalculatorTest
-------------------------------------------------------------------------------
Tests run: 1, Failures: 1, Errors: 0, Skipped: 0, Time elapsed: 0.01 s <<< FAILURE! - in com.bashir.StringCalculatorTest
test  Time elapsed: 0.008 s  <<< FAILURE!
org.opentest4j.AssertionFailedError: Not yet implemented
	at com.bashir.StringCalculatorTest.test(StringCalculatorTest.java:11)

